<?xml version="1.0" encoding="UTF-8"?>
<!-- Generated by org.testng.reporters.JUnitXMLReporter -->
<testsuite ignored="0" hostname="gde_radyga" failures="0" tests="3" name="Surefire test" time="0.063" errors="0" timestamp="2024-07-05T23:38:30 MSK">
  <testcase classname="com.example.FactorialTest" name="testFactorialNegative" time="0.0"/>
  <testcase classname="com.example.FactorialTest" name="testFactorialPositive" time="0.0"/>
  <testcase classname="com.example.FactorialTest" name="testFactorialZero" time="0.015"/>
</testsuite> <!-- Surefire test -->
